<?xml version="1.0" encoding="UTF-8"?>
<testsuite name="dev.yanianz.star.reflection.TestReflectionUtils" tests="17" skipped="0" failures="0" errors="0" timestamp="2026-05-17T20:21:37.592Z" hostname="iYans-MacBook-Air.local" time="0.032">
  <properties/>
  <testcase name="testGetFieldValue()" classname="dev.yanianz.star.reflection.TestReflectionUtils" time="0.007"/>
  <testcase name="testGetFieldByName()" classname="dev.yanianz.star.reflection.TestReflectionUtils" time="0.001"/>
  <testcase name="testSetFieldValue()" classname="dev.yanianz.star.reflection.TestReflectionUtils" time="0.0"/>
  <testcase name="testGetNotExistingEnumConstant()" classname="dev.yanianz.star.reflection.TestReflectionUtils" time="0.001"/>
  <testcase name="testGetMethodWithPrimitiveParams()" classname="dev.yanianz.star.reflection.TestReflectionUtils" time="0.002"/>
  <testcase name="[1] CONSTANT_A" classname="dev.yanianz.star.reflection.TestReflectionUtils" time="0.005"/>
  <testcase name="[2] CONSTANT_B" classname="dev.yanianz.star.reflection.TestReflectionUtils" time="0.0"/>
  <testcase name="[3] CONSTANT_C" classname="dev.yanianz.star.reflection.TestReflectionUtils" time="0.0"/>
  <testcase name="[4] ODD_CONSTANT" classname="dev.yanianz.star.reflection.TestReflectionUtils" time="0.0"/>
  <testcase name="testGetMethodWithInvalidParams()" classname="dev.yanianz.star.reflection.TestReflectionUtils" time="0.0"/>
  <testcase name="testGetConstructorWithParams()" classname="dev.yanianz.star.reflection.TestReflectionUtils" time="0.0"/>
  <testcase name="testGetConstructor()" classname="dev.yanianz.star.reflection.TestReflectionUtils" time="0.001"/>
  <testcase name="testGetEnumConstants()" classname="dev.yanianz.star.reflection.TestReflectionUtils" time="0.0"/>
  <testcase name="testGetConstructorWithInvalidParams()" classname="dev.yanianz.star.reflection.TestReflectionUtils" time="0.0"/>
  <testcase name="testGetMethodInvalidName()" classname="dev.yanianz.star.reflection.TestReflectionUtils" time="0.001"/>
  <testcase name="testGetMethodWithParams()" classname="dev.yanianz.star.reflection.TestReflectionUtils" time="0.0"/>
  <testcase name="testGetMethodByName()" classname="dev.yanianz.star.reflection.TestReflectionUtils" time="0.001"/>
  <system-out><![CDATA[]]></system-out>
  <system-err><![CDATA[]]></system-err>
</testsuite>
