<?xml version="1.0" encoding="UTF-8"?>
<testsuite name="EconomyManager" tests="15" skipped="0" failures="0" errors="0" timestamp="2026-05-19T17:26:56.228Z" hostname="iYans-MacBook-Air.local" time="1.619">
  <properties/>
  <testcase name="EconomyProvider default methods work" classname="dev.yanianz.star.economy.TestEconomyManager" time="0.032"/>
  <testcase name="CurrencyFormatter format delegates to provider" classname="dev.yanianz.star.economy.TestEconomyManager" time="0.013"/>
  <testcase name="Bank data class works" classname="dev.yanianz.star.economy.TestEconomyManager" time="0.001"/>
  <testcase name="TransactionResult ok/fail factory methods" classname="dev.yanianz.star.economy.TestEconomyManager" time="0.001"/>
  <testcase name="TransactionResult helpers work" classname="dev.yanianz.star.economy.TestEconomyManager" time="0.0"/>
  <testcase name="CurrencyFormatter formatShort works" classname="dev.yanianz.star.economy.TestEconomyManager" time="0.002"/>
  <testcase name="TransactionEntry all fields" classname="dev.yanianz.star.economy.TestEconomyManager" time="0.002"/>
  <testcase name="Bank isOwner and isMember work" classname="dev.yanianz.star.economy.TestEconomyManager" time="1.558"/>
  <testcase name="TransactionEntry record works" classname="dev.yanianz.star.economy.TestEconomyManager" time="0.001"/>
  <testcase name="EconomyProvider custom currency defaults" classname="dev.yanianz.star.economy.TestEconomyManager" time="0.001"/>
  <testcase name="BankManager delegates correctly" classname="dev.yanianz.star.economy.TestEconomyManager" time="0.0"/>
  <testcase name="CurrencyType record works" classname="dev.yanianz.star.economy.TestEconomyManager" time="0.0"/>
  <testcase name="Bank members work" classname="dev.yanianz.star.economy.TestEconomyManager" time="0.001"/>
  <testcase name="CurrencyFormatter formatRaw works" classname="dev.yanianz.star.economy.TestEconomyManager" time="0.001"/>
  <testcase name="TransactionType enum values" classname="dev.yanianz.star.economy.TestEconomyManager" time="0.0"/>
  <system-out><![CDATA[]]></system-out>
  <system-err><![CDATA[SLF4J: No SLF4J providers were found.
SLF4J: Defaulting to no-operation (NOP) logger implementation
SLF4J: See https://www.slf4j.org/codes.html#noProviders for further details.
]]></system-err>
</testsuite>
